11:48:01 **** Incremental Build of configuration Debug for project ADC_LED_1 ****
make all 
Building file: ../APP/main.c
Invoking: AVR Compiler
avr-gcc -Wall -g2 -gstabs -O0 -fpack-struct -fshort-enums -ffunction-sections -fdata-sections -std=gnu99 -funsigned-char -funsigned-bitfields -mmcu=atmega32 -DF_CPU=8000000UL -MMD -MP -MF"APP/main.d" -MT"APP/main.o" -c -o "APP/main.o" "../APP/main.c"
../APP/main.c:23: warning: return type of 'main' is not 'int'
../APP/main.c: In function 'main':
../APP/main.c:27: warning: implicit declaration of function 'ADC_VoidInit'
../APP/main.c:31: warning: implicit declaration of function 'ADC_U8StartConversionSynchronous'
Finished building: ../APP/main.c
 
Building target: ADC_LED_1.elf
Invoking: AVR C Linker
avr-gcc -Wl,-Map,ADC_LED_1.map -mmcu=atmega32 -o "ADC_LED_1.elf"  ./MCAL/GIE/GIE_program.o  ./MCAL/EXTERNAL_INTERRUPT/EXTI_program.o  ./MCAL/DIO/DIO_program.o  ./MCAL/ADC/ADC_program.o  ./HAL/LED/LED_program.o  ./HAL/LCD/LCD_program.o  ./HAL/KPD/KPD.program.o  ./APP/main.o   
Finished building target: ADC_LED_1.elf
 
Invoking: AVR Create Extended Listing
avr-objdump -h -S ADC_LED_1.elf  >"ADC_LED_1.lss"
Finished building: ADC_LED_1.lss
 
Create Flash image (ihex format)
avr-objcopy -R .eeprom -R .fuse -R .lock -R .signature -O ihex ADC_LED_1.elf  "ADC_LED_1.hex"
Finished building: ADC_LED_1.hex
 
Invoking: Print Size
avr-size --format=avr --mcu=atmega32 ADC_LED_1.elf
AVR Memory Usage
----------------
Device: atmega32

Program:    9254 bytes (28.2% Full)
(.text + .data + .bootloader)

Data:         42 bytes (2.1% Full)
(.data + .bss + .noinit)


Finished building: sizedummy
 

11:48:04 Build Finished (took 2s.944ms)

