12:00:24 **** Incremental Build of configuration Debug for project ADC_LCD ****
make all 
Building file: ../HAL/LM35/LM_program.c
Invoking: AVR Compiler
avr-gcc -Wall -g2 -gstabs -O0 -fpack-struct -fshort-enums -ffunction-sections -fdata-sections -std=gnu99 -funsigned-char -funsigned-bitfields -mmcu=atmega32 -DF_CPU=8000000UL -MMD -MP -MF"HAL/LM35/LM_program.d" -MT"HAL/LM35/LM_program.o" -c -o "HAL/LM35/LM_program.o" "../HAL/LM35/LM_program.c"
Finished building: ../HAL/LM35/LM_program.c
 
Building target: ADC_LCD.elf
Invoking: AVR C Linker
avr-gcc -Wl,-Map,ADC_LCD.map -mmcu=atmega32 -o "ADC_LCD.elf"  ./MCAL/GIE/GIE_program.o  ./MCAL/EXTERNAL_INTERRUPT/EXTI_program.o  ./MCAL/DIO/DIO_program.o  ./MCAL/ADC/ADC_program.o  ./HAL/LM35/LM_program.o  ./HAL/LED/LED_program.o  ./HAL/LCD/LCD_program.o  ./HAL/KPD/KPD.program.o  ./APP/main.o   
Finished building target: ADC_LCD.elf
 
Invoking: AVR Create Extended Listing
avr-objdump -h -S ADC_LCD.elf  >"ADC_LCD.lss"
Finished building: ADC_LCD.lss
 
Invoking: Print Size
avr-size --format=avr --mcu=atmega32 ADC_LCD.elf
AVR Memory Usage
----------------
Device: atmega32

Program:   10972 bytes (33.5% Full)
(.text + .data + .bootloader)

Data:        298 bytes (14.6% Full)
(.data + .bss + .noinit)


Finished building: sizedummy
 

12:00:27 Build Finished (took 2s.877ms)

