01:55:05 **** Incremental Build of configuration Debug for project EXTI ****
make all 
Building file: ../APP/main.c
Invoking: AVR Compiler
avr-gcc -Wall -g2 -gstabs -O0 -fpack-struct -fshort-enums -ffunction-sections -fdata-sections -std=gnu99 -funsigned-char -funsigned-bitfields -mmcu=atmega32 -DF_CPU=8000000UL -MMD -MP -MF"APP/main.d" -MT"APP/main.o" -c -o "APP/main.o" "../APP/main.c"
In file included from ../APP/main.c:14:
../APP/../MCAL/EXTERNAL_INTERRUPT/EXTI_interface.h:1:24: warning: extra tokens at end of #ifndef directive
../APP/../MCAL/EXTERNAL_INTERRUPT/EXTI_interface.h:2:24: warning: ISO C99 requires whitespace after the macro name
../APP/main.c:17: warning: return type of 'main' is not 'int'
Finished building: ../APP/main.c
 
Building target: EXTI.elf
Invoking: AVR C Linker
avr-gcc -Wl,-Map,EXTI.map -mmcu=atmega32 -o "EXTI.elf"  ./MCAL/GIE/GIE_program.o  ./MCAL/EXTERNAL_INTERRUPT/EXTI_program.o  ./MCAL/DIO/DIO_program.o  ./HAL/LCD/LCD_program.o  ./HAL/KPD/KPD.program.o  ./APP/main.o   
Finished building target: EXTI.elf
 
Invoking: AVR Create Extended Listing
avr-objdump -h -S EXTI.elf  >"EXTI.lss"
Finished building: EXTI.lss
 
Create Flash image (ihex format)
avr-objcopy -R .eeprom -R .fuse -R .lock -R .signature -O ihex EXTI.elf  "EXTI.hex"
Finished building: EXTI.hex
 
Invoking: Print Size
avr-size --format=avr --mcu=atmega32 EXTI.elf
AVR Memory Usage
----------------
Device: atmega32

Program:    7856 bytes (24.0% Full)
(.text + .data + .bootloader)

Data:         32 bytes (1.6% Full)
(.data + .bss + .noinit)


Finished building: sizedummy
 

01:55:07 Build Finished (took 2s.427ms)

