19:59:55 **** Incremental Build of configuration Debug for project final_project ****
make all 
Building file: ../APP/main.c
Invoking: AVR Compiler
avr-gcc -Wall -g2 -gstabs -O0 -fpack-struct -fshort-enums -ffunction-sections -fdata-sections -std=gnu99 -funsigned-char -funsigned-bitfields -mmcu=atmega32 -DF_CPU=8000000UL -MMD -MP -MF"APP/main.d" -MT"APP/main.o" -c -o "APP/main.o" "../APP/main.c"
Finished building: ../APP/main.c
 
Building target: final_project.elf
Invoking: AVR C Linker
avr-gcc -Wl,-Map,final_project.map -mmcu=atmega32 -o "final_project.elf"  ./Services/POV_Display/POV_program.o  ./Services/Calculator/Cal_program.o  ./MCAL/WDT/WDT_program.o  ./MCAL/UART/UART_program.o  ./MCAL/Timer/Timer_program.o  ./MCAL/TWI/TWI_program.o  ./MCAL/SPI/SPI_program.o  ./MCAL/GIE/GIE_program.o  ./MCAL/EXTI/EXTI_program.o  ./MCAL/DIO/DIO_program.o  ./MCAL/ADC/ADC_program.o  ./HAL/Seven_Seg/SevenSeg_program.o  ./HAL/LM35/LM35_program.o  ./HAL/LED/LED_program.o  ./HAL/LCD/LCD_program.o  ./HAL/KeyPad/KPD_program.o  ./HAL/EEPROM/EEPROM_program.o  ./APP/main.o   
Finished building target: final_project.elf
 
Invoking: AVR Create Extended Listing
avr-objdump -h -S final_project.elf  >"final_project.lss"
Finished building: final_project.lss
 
Invoking: Print Size
avr-size --format=avr --mcu=atmega32 final_project.elf
AVR Memory Usage
----------------
Device: atmega32

Program:   20436 bytes (62.4% Full)
(.text + .data + .bootloader)

Data:        325 bytes (15.9% Full)
(.data + .bss + .noinit)


Finished building: sizedummy
 

20:00:00 Build Finished (took 5s.207ms)

