15:36:05 **** Incremental Build of configuration Debug for project freertos_lab ****
make all 
Building file: ../SERVICE/portable/MemMang/heap_1.c
Invoking: AVR Compiler
avr-gcc -Wall -g2 -gstabs -O0 -fpack-struct -fshort-enums -ffunction-sections -fdata-sections -std=gnu99 -funsigned-char -funsigned-bitfields -mmcu=atmega32 -DF_CPU=8000000UL -MMD -MP -MF"SERVICE/portable/MemMang/heap_1.d" -MT"SERVICE/portable/MemMang/heap_1.o" -c -o "SERVICE/portable/MemMang/heap_1.o" "../SERVICE/portable/MemMang/heap_1.c"
../SERVICE/portable/MemMang/heap_1.c:44:22: error: FreeRTOS.h: No such file or directory
../SERVICE/portable/MemMang/heap_1.c:45:18: error: task.h: No such file or directory
../SERVICE/portable/MemMang/heap_1.c:50:6: error: #error This file must not be used if configSUPPORT_DYNAMIC_ALLOCATION is 0
../SERVICE/portable/MemMang/heap_1.c:63: error: expected '=', ',', ';', 'asm' or '__attribute__' before 'ucHeap'
../SERVICE/portable/MemMang/heap_1.c: In function 'pvPortMalloc':
../SERVICE/portable/MemMang/heap_1.c:74: error: expected '=', ',', ';', 'asm' or '__attribute__' before '*' token
../SERVICE/portable/MemMang/heap_1.c:74: error: 'pucAlignedHeap' undeclared (first use in this function)
../SERVICE/portable/MemMang/heap_1.c:74: error: (Each undeclared identifier is reported only once
../SERVICE/portable/MemMang/heap_1.c:74: error: for each function it appears in.)
../SERVICE/portable/MemMang/heap_1.c:79: error: 'portBYTE_ALIGNMENT_MASK' undeclared (first use in this function)
../SERVICE/portable/MemMang/heap_1.c:82: error: 'portBYTE_ALIGNMENT' undeclared (first use in this function)
../SERVICE/portable/MemMang/heap_1.c:94: warning: implicit declaration of function 'vTaskSuspendAll'
../SERVICE/portable/MemMang/heap_1.c:99: error: 'uint8_t' undeclared (first use in this function)
../SERVICE/portable/MemMang/heap_1.c:99: error: expected expression before ')' token
../SERVICE/portable/MemMang/heap_1.c:99: error: 'portPOINTER_SIZE_TYPE' undeclared (first use in this function)
../SERVICE/portable/MemMang/heap_1.c:99: error: expected ')' before 'portBYTE_ALIGNMENT_MASK'
../SERVICE/portable/MemMang/heap_1.c:104: error: 'configTOTAL_HEAP_SIZE' undeclared (first use in this function)
../SERVICE/portable/MemMang/heap_1.c:113: warning: implicit declaration of function 'traceMALLOC'
../SERVICE/portable/MemMang/heap_1.c:115: warning: implicit declaration of function 'xTaskResumeAll'
../SERVICE/portable/MemMang/heap_1.c: In function 'vPortFree':
../SERVICE/portable/MemMang/heap_1.c:138: warning: implicit declaration of function 'configASSERT'
../SERVICE/portable/MemMang/heap_1.c: In function 'xPortGetFreeHeapSize':
../SERVICE/portable/MemMang/heap_1.c:151: error: 'configTOTAL_HEAP_SIZE' undeclared (first use in this function)
../SERVICE/portable/MemMang/heap_1.c:151: error: 'portBYTE_ALIGNMENT' undeclared (first use in this function)
../SERVICE/portable/MemMang/heap_1.c:152: warning: control reaches end of non-void function
make: *** [SERVICE/portable/MemMang/heap_1.o] Error 1

15:36:07 Build Finished (took 1s.413ms)

