13:50:15 **** Incremental Build of configuration Debug for project ICU_LAB ****
make all 
Building file: ../APP/main.c
Invoking: AVR Compiler
avr-gcc -Wall -g2 -gstabs -O0 -fpack-struct -fshort-enums -ffunction-sections -fdata-sections -std=gnu99 -funsigned-char -funsigned-bitfields -mmcu=atmega32 -DF_CPU=8000000UL -MMD -MP -MF"APP/main.d" -MT"APP/main.o" -c -o "APP/main.o" "../APP/main.c"
In file included from ../APP/main.c:15:
d:/iti/tools/01- embedded systems avr tools/01- imt sdk/imt_sdk_win_64/winavr/lib/gcc/../../avr/include/util/delay.h:90:3: warning: #warning "Compiler optimizations disabled; functions from <util/delay.h> won't work as designed"
../APP/main.c:29: warning: return type of 'main' is not 'int'
../APP/main.c: In function 'main':
../APP/main.c:38: warning: implicit declaration of function 'TIMER0_VoidSetModeForFastmode'
../APP/main.c:40: warning: implicit declaration of function 'ICU_VoidSetTriggerSignal'
../APP/main.c:41: warning: implicit declaration of function 'ICU_VoidEnableIntrrupt'
../APP/main.c:42: warning: implicit declaration of function 'ICU_VoidSetCallBack'
../APP/main.c:53: warning: pointer targets in passing argument 1 of 'LCD_voidSendString' differ in signedness
../APP/main.c:56: warning: pointer targets in passing argument 1 of 'LCD_voidSendString' differ in signedness
../APP/main.c: In function 'ICU_HW':
../APP/main.c:71: warning: implicit declaration of function 'ICU_U16GetICRRegister'
Finished building: ../APP/main.c
 
Building target: ICU_LAB.elf
Invoking: AVR C Linker
avr-gcc -Wl,-Map,ICU_LAB.map -mmcu=atmega32 -o "ICU_LAB.elf"  ./MCAL/WDT/WDT_program.o  ./MCAL/TIMER/TIMER-program.o  ./MCAL/GIE/GIE_program.o  ./MCAL/EXTERNAL_INTERRUPT/EXTI_program.o  ./MCAL/DIO/DIO_program.o  ./MCAL/ADC/ADC_program.o  ./HAL/LED/LED_program.o  ./HAL/LCD/LCD_program.o  ./HAL/KPD/KPD.program.o  ./APP/main.o   
Finished building target: ICU_LAB.elf
 
Invoking: AVR Create Extended Listing
avr-objdump -h -S ICU_LAB.elf  >"ICU_LAB.lss"
Finished building: ICU_LAB.lss
 
Create Flash image (ihex format)
avr-objcopy -R .eeprom -R .fuse -R .lock -R .signature -O ihex ICU_LAB.elf  "ICU_LAB.hex"
Finished building: ICU_LAB.hex
 
Invoking: Print Size
avr-size --format=avr --mcu=atmega32 ICU_LAB.elf
AVR Memory Usage
----------------
Device: atmega32

Program:   11526 bytes (35.2% Full)
(.text + .data + .bootloader)

Data:         83 bytes (4.1% Full)
(.data + .bss + .noinit)


Finished building: sizedummy
 

13:50:19 Build Finished (took 3s.796ms)

