00:30:03 **** Incremental Build of configuration Debug for project KPD ****
make all 
Building target: KPD.elf
Invoking: AVR C Linker
avr-gcc -Wl,-Map,KPD.map -mmcu=atmega32 -o "KPD.elf"  ./MCAL/DIO/DIO_program.o  ./HAL/LCD/LCD_program.o  ./HAL/KPD/KPD.program.o  ./APP/main.o   
Finished building target: KPD.elf
 
Invoking: AVR Create Extended Listing
avr-objdump -h -S KPD.elf  >"KPD.lss"
Finished building: KPD.lss
 
Create Flash image (ihex format)
avr-objcopy -R .eeprom -R .fuse -R .lock -R .signature -O ihex KPD.elf  "KPD.hex"
Finished building: KPD.hex
 
Invoking: Print Size
avr-size --format=avr --mcu=atmega32 KPD.elf
AVR Memory Usage
----------------
Device: atmega32

Program:    6974 bytes (21.3% Full)
(.text + .data + .bootloader)

Data:         32 bytes (1.6% Full)
(.data + .bss + .noinit)


Finished building: sizedummy
 

00:30:04 Build Finished (took 526ms)

