00:47:24 **** Incremental Build of configuration Debug for project SPI_LM_SLAVE ****
make all 
Building file: ../APP/main.c
Invoking: AVR Compiler
avr-gcc -Wall -g2 -gstabs -O0 -fpack-struct -fshort-enums -ffunction-sections -fdata-sections -std=gnu99 -funsigned-char -funsigned-bitfields -mmcu=atmega32 -DF_CPU=8000000UL -MMD -MP -MF"APP/main.d" -MT"APP/main.o" -c -o "APP/main.o" "../APP/main.c"
In file included from ../APP/main.c:3:
d:/iti/tools/01- embedded systems avr tools/01- imt sdk/imt_sdk_win_64/winavr/lib/gcc/../../avr/include/util/delay.h:90:3: warning: #warning "Compiler optimizations disabled; functions from <util/delay.h> won't work as designed"
../APP/main.c:13: warning: return type of 'main' is not 'int'
../APP/main.c: In function 'main':
../APP/main.c:16: warning: implicit declaration of function 'ADC_VoidInit'
Finished building: ../APP/main.c
 
Building target: SPI_LM_SLAVE.elf
Invoking: AVR C Linker
avr-gcc -Wl,-Map,SPI_LM_SLAVE.map -mmcu=atmega32 -o "SPI_LM_SLAVE.elf"  ./MCAL/WDT/WDT_program.o  ./MCAL/UART/UART_program.o  ./MCAL/TIMER/TIMER-program.o  ./MCAL/SPI/SPI_program.o  ./MCAL/GIE/GIE_program.o  ./MCAL/EXTERNAL_INTERRUPT/EXTI_program.o  ./MCAL/DIO/DIO_program.o  ./MCAL/ADC/ADC_program.o  ./HAL/LM35/LM_program.o  ./HAL/LED/LED_program.o  ./HAL/LCD/LCD_program.o  ./HAL/KPD/KPD.program.o  ./APP/main.o   
Finished building target: SPI_LM_SLAVE.elf
 
Invoking: AVR Create Extended Listing
avr-objdump -h -S SPI_LM_SLAVE.elf  >"SPI_LM_SLAVE.lss"
Finished building: SPI_LM_SLAVE.lss
 
Invoking: Print Size
avr-size --format=avr --mcu=atmega32 SPI_LM_SLAVE.elf
AVR Memory Usage
----------------
Device: atmega32

Program:   13396 bytes (40.9% Full)
(.text + .data + .bootloader)

Data:        304 bytes (14.8% Full)
(.data + .bss + .noinit)


Finished building: sizedummy
 

00:47:25 Build Finished (took 1s.784ms)

