10:43:25 **** Build of configuration Debug for project SPI_SLAVE ****
make all 
Building file: ../MCAL/WDT/WDT_program.c
Invoking: AVR Compiler
avr-gcc -Wall -g2 -gstabs -O0 -fpack-struct -fshort-enums -ffunction-sections -fdata-sections -std=gnu99 -funsigned-char -funsigned-bitfields -mmcu=atmega32 -DF_CPU=8000000UL -MMD -MP -MF"MCAL/WDT/WDT_program.d" -MT"MCAL/WDT/WDT_program.o" -c -o "MCAL/WDT/WDT_program.o" "../MCAL/WDT/WDT_program.c"
Finished building: ../MCAL/WDT/WDT_program.c
 
Building file: ../MCAL/UART/UART_program.c
Invoking: AVR Compiler
avr-gcc -Wall -g2 -gstabs -O0 -fpack-struct -fshort-enums -ffunction-sections -fdata-sections -std=gnu99 -funsigned-char -funsigned-bitfields -mmcu=atmega32 -DF_CPU=8000000UL -MMD -MP -MF"MCAL/UART/UART_program.d" -MT"MCAL/UART/UART_program.o" -c -o "MCAL/UART/UART_program.o" "../MCAL/UART/UART_program.c"
Finished building: ../MCAL/UART/UART_program.c
 
Building file: ../MCAL/TIMER/TIMER-program.c
Invoking: AVR Compiler
avr-gcc -Wall -g2 -gstabs -O0 -fpack-struct -fshort-enums -ffunction-sections -fdata-sections -std=gnu99 -funsigned-char -funsigned-bitfields -mmcu=atmega32 -DF_CPU=8000000UL -MMD -MP -MF"MCAL/TIMER/TIMER-program.d" -MT"MCAL/TIMER/TIMER-program.o" -c -o "MCAL/TIMER/TIMER-program.o" "../MCAL/TIMER/TIMER-program.c"
Finished building: ../MCAL/TIMER/TIMER-program.c
 
Building file: ../MCAL/SPI/SPI_program.c
Invoking: AVR Compiler
avr-gcc -Wall -g2 -gstabs -O0 -fpack-struct -fshort-enums -ffunction-sections -fdata-sections -std=gnu99 -funsigned-char -funsigned-bitfields -mmcu=atmega32 -DF_CPU=8000000UL -MMD -MP -MF"MCAL/SPI/SPI_program.d" -MT"MCAL/SPI/SPI_program.o" -c -o "MCAL/SPI/SPI_program.o" "../MCAL/SPI/SPI_program.c"
Finished building: ../MCAL/SPI/SPI_program.c
 
Building file: ../MCAL/GIE/GIE_program.c
Invoking: AVR Compiler
avr-gcc -Wall -g2 -gstabs -O0 -fpack-struct -fshort-enums -ffunction-sections -fdata-sections -std=gnu99 -funsigned-char -funsigned-bitfields -mmcu=atmega32 -DF_CPU=8000000UL -MMD -MP -MF"MCAL/GIE/GIE_program.d" -MT"MCAL/GIE/GIE_program.o" -c -o "MCAL/GIE/GIE_program.o" "../MCAL/GIE/GIE_program.c"
Finished building: ../MCAL/GIE/GIE_program.c
 
Building file: ../MCAL/EXTERNAL_INTERRUPT/EXTI_program.c
Invoking: AVR Compiler
avr-gcc -Wall -g2 -gstabs -O0 -fpack-struct -fshort-enums -ffunction-sections -fdata-sections -std=gnu99 -funsigned-char -funsigned-bitfields -mmcu=atmega32 -DF_CPU=8000000UL -MMD -MP -MF"MCAL/EXTERNAL_INTERRUPT/EXTI_program.d" -MT"MCAL/EXTERNAL_INTERRUPT/EXTI_program.o" -c -o "MCAL/EXTERNAL_INTERRUPT/EXTI_program.o" "../MCAL/EXTERNAL_INTERRUPT/EXTI_program.c"
Finished building: ../MCAL/EXTERNAL_INTERRUPT/EXTI_program.c
 
Building file: ../MCAL/DIO/DIO_program.c
Invoking: AVR Compiler
avr-gcc -Wall -g2 -gstabs -O0 -fpack-struct -fshort-enums -ffunction-sections -fdata-sections -std=gnu99 -funsigned-char -funsigned-bitfields -mmcu=atmega32 -DF_CPU=8000000UL -MMD -MP -MF"MCAL/DIO/DIO_program.d" -MT"MCAL/DIO/DIO_program.o" -c -o "MCAL/DIO/DIO_program.o" "../MCAL/DIO/DIO_program.c"
../MCAL/DIO/DIO_program.c: In function 'DIO_U8GetPortValue':
../MCAL/DIO/DIO_program.c:299: warning: control reaches end of non-void function
Finished building: ../MCAL/DIO/DIO_program.c
 
Building file: ../MCAL/ADC/ADC_program.c
Invoking: AVR Compiler
avr-gcc -Wall -g2 -gstabs -O0 -fpack-struct -fshort-enums -ffunction-sections -fdata-sections -std=gnu99 -funsigned-char -funsigned-bitfields -mmcu=atmega32 -DF_CPU=8000000UL -MMD -MP -MF"MCAL/ADC/ADC_program.d" -MT"MCAL/ADC/ADC_program.o" -c -o "MCAL/ADC/ADC_program.o" "../MCAL/ADC/ADC_program.c"
Finished building: ../MCAL/ADC/ADC_program.c
 
Building file: ../HAL/LED/LED_program.c
Invoking: AVR Compiler
avr-gcc -Wall -g2 -gstabs -O0 -fpack-struct -fshort-enums -ffunction-sections -fdata-sections -std=gnu99 -funsigned-char -funsigned-bitfields -mmcu=atmega32 -DF_CPU=8000000UL -MMD -MP -MF"HAL/LED/LED_program.d" -MT"HAL/LED/LED_program.o" -c -o "HAL/LED/LED_program.o" "../HAL/LED/LED_program.c"
Finished building: ../HAL/LED/LED_program.c
 
Building file: ../HAL/LCD/LCD_program.c
Invoking: AVR Compiler
avr-gcc -Wall -g2 -gstabs -O0 -fpack-struct -fshort-enums -ffunction-sections -fdata-sections -std=gnu99 -funsigned-char -funsigned-bitfields -mmcu=atmega32 -DF_CPU=8000000UL -MMD -MP -MF"HAL/LCD/LCD_program.d" -MT"HAL/LCD/LCD_program.o" -c -o "HAL/LCD/LCD_program.o" "../HAL/LCD/LCD_program.c"
In file included from ../HAL/LCD/LCD_program.c:1:
d:/iti/tools/01- embedded systems avr tools/01- imt sdk/imt_sdk_win_64/winavr/lib/gcc/../../avr/include/util/delay.h:90:3: warning: #warning "Compiler optimizations disabled; functions from <util/delay.h> won't work as designed"
Finished building: ../HAL/LCD/LCD_program.c
 
Building file: ../HAL/KPD/KPD.program.c
Invoking: AVR Compiler
avr-gcc -Wall -g2 -gstabs -O0 -fpack-struct -fshort-enums -ffunction-sections -fdata-sections -std=gnu99 -funsigned-char -funsigned-bitfields -mmcu=atmega32 -DF_CPU=8000000UL -MMD -MP -MF"HAL/KPD/KPD.program.d" -MT"HAL/KPD/KPD.program.o" -c -o "HAL/KPD/KPD.program.o" "../HAL/KPD/KPD.program.c"
Finished building: ../HAL/KPD/KPD.program.c
 
Building file: ../APP/main.c
Invoking: AVR Compiler
avr-gcc -Wall -g2 -gstabs -O0 -fpack-struct -fshort-enums -ffunction-sections -fdata-sections -std=gnu99 -funsigned-char -funsigned-bitfields -mmcu=atmega32 -DF_CPU=8000000UL -MMD -MP -MF"APP/main.d" -MT"APP/main.o" -c -o "APP/main.o" "../APP/main.c"
In file included from ../APP/main.c:3:
d:/iti/tools/01- embedded systems avr tools/01- imt sdk/imt_sdk_win_64/winavr/lib/gcc/../../avr/include/util/delay.h:90:3: warning: #warning "Compiler optimizations disabled; functions from <util/delay.h> won't work as designed"
../APP/main.c:10: warning: return type of 'main' is not 'int'
Finished building: ../APP/main.c
 
Building target: SPI_SLAVE.elf
Invoking: AVR C Linker
avr-gcc -Wl,-Map,SPI_SLAVE.map -mmcu=atmega32 -o "SPI_SLAVE.elf"  ./MCAL/WDT/WDT_program.o  ./MCAL/UART/UART_program.o  ./MCAL/TIMER/TIMER-program.o  ./MCAL/SPI/SPI_program.o  ./MCAL/GIE/GIE_program.o  ./MCAL/EXTERNAL_INTERRUPT/EXTI_program.o  ./MCAL/DIO/DIO_program.o  ./MCAL/ADC/ADC_program.o  ./HAL/LED/LED_program.o  ./HAL/LCD/LCD_program.o  ./HAL/KPD/KPD.program.o  ./APP/main.o   
Finished building target: SPI_SLAVE.elf
 
Invoking: AVR Create Extended Listing
avr-objdump -h -S SPI_SLAVE.elf  >"SPI_SLAVE.lss"
Finished building: SPI_SLAVE.lss
 
Invoking: Print Size
avr-size --format=avr --mcu=atmega32 SPI_SLAVE.elf
AVR Memory Usage
----------------
Device: atmega32

Program:   11710 bytes (35.7% Full)
(.text + .data + .bootloader)

Data:         48 bytes (2.3% Full)
(.data + .bss + .noinit)


Finished building: sizedummy
 

10:43:34 Build Finished (took 8s.826ms)

