12:00:46 **** Incremental Build of configuration Debug for project WDT_LAB1 ****
make all 
Building file: ../APP/main.c
Invoking: AVR Compiler
avr-gcc -Wall -g2 -gstabs -O0 -fpack-struct -fshort-enums -ffunction-sections -fdata-sections -std=gnu99 -funsigned-char -funsigned-bitfields -mmcu=atmega32 -DF_CPU=8000000UL -MMD -MP -MF"APP/main.d" -MT"APP/main.o" -c -o "APP/main.o" "../APP/main.c"
In file included from ../APP/main.c:15:
d:/iti/tools/01- embedded systems avr tools/01- imt sdk/imt_sdk_win_64/winavr/lib/gcc/../../avr/include/util/delay.h:90:3: warning: #warning "Compiler optimizations disabled; functions from <util/delay.h> won't work as designed"
../APP/main.c:21: warning: return type of 'main' is not 'int'
Finished building: ../APP/main.c
 
Building target: WDT_LAB1.elf
Invoking: AVR C Linker
avr-gcc -Wl,-Map,WDT_LAB1.map -mmcu=atmega32 -o "WDT_LAB1.elf"  ./MCAL/WDT/WDT_program.o  ./MCAL/TIMER/TIMER-program.o  ./MCAL/GIE/GIE_program.o  ./MCAL/EXTERNAL_INTERRUPT/EXTI_program.o  ./MCAL/DIO/DIO_program.o  ./MCAL/ADC/ADC_program.o  ./HAL/LED/LED_program.o  ./HAL/LCD/LCD_program.o  ./HAL/KPD/KPD.program.o  ./APP/main.o   
Finished building target: WDT_LAB1.elf
 
Invoking: AVR Create Extended Listing
avr-objdump -h -S WDT_LAB1.elf  >"WDT_LAB1.lss"
Finished building: WDT_LAB1.lss
 
Create Flash image (ihex format)
avr-objcopy -R .eeprom -R .fuse -R .lock -R .signature -O ihex WDT_LAB1.elf  "WDT_LAB1.hex"
Finished building: WDT_LAB1.hex
 
Invoking: Print Size
avr-size --format=avr --mcu=atmega32 WDT_LAB1.elf
AVR Memory Usage
----------------
Device: atmega32

Program:   11980 bytes (36.6% Full)
(.text + .data + .bootloader)

Data:         46 bytes (2.2% Full)
(.data + .bss + .noinit)


Finished building: sizedummy
 

12:00:53 Build Finished (took 6s.965ms)

